logloss (train set)	
 3.2427e+00	
 2.4067e+00	
 2.1319e+00	
 1.9744e+00	
 1.8314e+00	
 1.7230e+00	
 1.6574e+00	
 1.5884e+00	
 1.5324e+00	
 1.4709e+00	
 1.4470e+00	
 1.4024e+00	
 1.3740e+00	
 1.3537e+00	
 1.3117e+00	
 1.3011e+00	
 1.2715e+00	
 1.2577e+00	
 1.2238e+00	
 1.1956e+00	
 1.1918e+00	
 1.1786e+00	
 1.1593e+00	
 1.1436e+00	
 1.1377e+00	
 1.1200e+00	
 1.1141e+00	
 1.1137e+00	
 1.0965e+00	
 1.0759e+00	
 1.0520e+00	
 1.0600e+00	
 1.0541e+00	
 1.0474e+00	
 1.0242e+00	
 1.0274e+00	
 1.0096e+00	
 1.0057e+00	
 1.0001e+00	
 9.7691e-01	
 9.8550e-01	
 9.8046e-01	
 9.6143e-01	
 9.7700e-01	
 9.5389e-01	
 9.5543e-01	
 9.5566e-01	
 9.4519e-01	
 9.3930e-01	
 9.2716e-01	
 9.2585e-01	
 9.2195e-01	
 9.2164e-01	
 9.0478e-01	
 9.1088e-01	
 9.0437e-01	
 8.9815e-01	
 8.9501e-01	
 8.8477e-01	
 8.8231e-01	
 8.8835e-01	
 8.8255e-01	
 8.7821e-01	
 8.7062e-01	
 8.6966e-01	
 8.7273e-01	
 8.6216e-01	
 8.4745e-01	
 8.4352e-01	
 8.4049e-01	
 8.4718e-01	
 8.3373e-01	
 8.2490e-01	
 8.3943e-01	
 8.2360e-01	
 8.3390e-01	
 8.2855e-01	
 8.2013e-01	
 8.0815e-01	
 8.0775e-01	
 8.1235e-01	
 8.0680e-01	
 8.0784e-01	
 8.0446e-01	
 8.1351e-01	
 8.0574e-01	
 7.9593e-01	
 8.0290e-01	
 7.9796e-01	
 7.8745e-01	
 7.8582e-01	
 7.9851e-01	
 7.9804e-01	
 7.6934e-01	
 7.7764e-01	
 7.6339e-01	
 7.7431e-01	
 7.6642e-01	
 7.6953e-01	
 7.6257e-01	
 7.7743e-01	
 7.7290e-01	
 7.5563e-01	
 7.5270e-01	
 7.5097e-01	
 7.5334e-01	
 7.6577e-01	
 7.4698e-01	
 7.4748e-01	
 7.4824e-01	
 7.3811e-01	
 7.5478e-01	
 7.3938e-01	
 7.4661e-01	
 7.4327e-01	
 7.3793e-01	
 7.4618e-01	
 7.2448e-01	
 7.2987e-01	
 7.2509e-01	
 7.2556e-01	
 7.2226e-01	
 7.2080e-01	
 7.1626e-01	
 7.1181e-01	
 7.1909e-01	
 7.1390e-01	
 7.0826e-01	
