logloss (train set)	
 3.1117e+00	
 2.2754e+00	
 1.9900e+00	
 1.8203e+00	
 1.6983e+00	
 1.5970e+00	
 1.5174e+00	
 1.4371e+00	
 1.4146e+00	
 1.3578e+00	
 1.2997e+00	
 1.2760e+00	
 1.2431e+00	
 1.2054e+00	
 1.1868e+00	
 1.1572e+00	
 1.1379e+00	
 1.1233e+00	
 1.1110e+00	
 1.0816e+00	
 1.0579e+00	
 1.0370e+00	
 1.0331e+00	
 1.0081e+00	
 9.9777e-01	
 9.9397e-01	
 9.6658e-01	
 9.5470e-01	
 9.4056e-01	
 9.3890e-01	
 9.2417e-01	
 9.2255e-01	
 9.1296e-01	
 8.8405e-01	
 8.8838e-01	
 8.8348e-01	
 8.7072e-01	
 8.6290e-01	
 8.6208e-01	
 8.4284e-01	
 8.3150e-01	
 8.2327e-01	
 8.1924e-01	
 8.1762e-01	
 8.0635e-01	
 8.1057e-01	
 7.9815e-01	
 7.7699e-01	
 7.8582e-01	
 7.7102e-01	
