logloss (train set)	
 3.2471e+00	
 2.4159e+00	
 2.1356e+00	
 1.9854e+00	
 1.8455e+00	
 1.7238e+00	
 1.6511e+00	
 1.5863e+00	
 1.5261e+00	
 1.4644e+00	
 1.4418e+00	
 1.3957e+00	
 1.3656e+00	
 1.3364e+00	
 1.3238e+00	
 1.2901e+00	
 1.2643e+00	
 1.2313e+00	
 1.2262e+00	
 1.2157e+00	
 1.1921e+00	
 1.1637e+00	
 1.1535e+00	
 1.1487e+00	
 1.1163e+00	
 1.1160e+00	
 1.1016e+00	
 1.0936e+00	
 1.0740e+00	
 1.0666e+00	
 1.0515e+00	
 1.0596e+00	
 1.0490e+00	
 1.0362e+00	
 1.0260e+00	
 1.0239e+00	
 1.0105e+00	
 1.0067e+00	
 9.9853e-01	
 9.8585e-01	
 9.8418e-01	
 9.7876e-01	
 9.7705e-01	
 9.5763e-01	
 9.5623e-01	
 9.5630e-01	
 9.3873e-01	
 9.3867e-01	
 9.4018e-01	
 9.2433e-01	
 9.2967e-01	
 9.2402e-01	
 9.1185e-01	
 9.1288e-01	
 9.1450e-01	
 8.9304e-01	
 8.9215e-01	
 8.9249e-01	
 8.9270e-01	
 8.7543e-01	
 8.8461e-01	
 8.7021e-01	
 8.7844e-01	
 8.6358e-01	
 8.5780e-01	
 8.5502e-01	
 8.6205e-01	
 8.4650e-01	
 8.4508e-01	
 8.4751e-01	
 8.4398e-01	
 8.3627e-01	
 8.3620e-01	
 8.3333e-01	
 8.2521e-01	
 8.2240e-01	
 8.3260e-01	
 8.2836e-01	
 8.1306e-01	
 8.1357e-01	
 8.1476e-01	
 8.0629e-01	
 8.0298e-01	
 8.0049e-01	
 7.9661e-01	
 7.9752e-01	
 7.9343e-01	
 8.0123e-01	
 7.9987e-01	
 7.9402e-01	
